2024-12-20 20:14:19 [INFO]: connect to hr
2024-12-20 20:44:26 [INFO]: connect to hr
2024-12-20 20:44:35 [INFO]: connect to hr
2024-12-20 20:46:07 [INFO]: connect to hr
2024-12-20 20:47:34 [INFO]: connect to hr
2024-12-20 20:48:02 [INFO]: connect to hr
2024-12-20 20:48:30 [INFO]: connect to hr
2024-12-20 20:49:18 [INFO]: connect to hr
2024-12-20 20:51:34 [INFO]: connect to hr
2024-12-20 20:52:02 [INFO]: connect to hr
2024-12-20 20:54:08 [INFO]: Database emp Created
2024-12-20 20:54:19 [INFO]: connect to hr
2024-12-20 21:02:20 [INFO]: connect to hr
2024-12-20 21:02:44 [INFO]: connect to hr
2024-12-20 21:03:53 [INFO]: connect to hr
2024-12-20 21:15:49 [INFO]: connect to hr
2024-12-20 21:16:12 [INFO]: connect to hr
2024-12-20 21:16:35 [INFO]: connect to hr
2024-12-20 21:18:24 [INFO]: connect to hr
2024-12-20 21:23:33 [INFO]: connect to hr
2024-12-20 21:23:51 [INFO]: connect to hr
2024-12-20 21:24:45 [INFO]: connect to hr
2024-12-20 21:26:04 [INFO]: connect to hr
2024-12-20 21:26:20 [INFO]: connect to hr
2024-12-20 21:26:44 [INFO]: connect to hr
2024-12-20 21:27:12 [INFO]: connect to hr
2024-12-20 21:27:30 [INFO]: connect to hr
2024-12-20 21:40:19 [INFO]: connect to hr
2024-12-20 21:41:25 [INFO]: connect to hr
2024-12-20 21:42:02 [INFO]: connect to hr
2024-12-20 21:42:16 [INFO]: connect to hr
2024-12-20 21:46:18 [INFO]: connect to hr
2024-12-20 22:13:50 [INFO]: connect to hr
2024-12-20 22:14:29 [INFO]: connect to hr
2024-12-20 22:17:32 [INFO]: connect to hr
2024-12-20 22:18:53 [INFO]: connect to hr
2024-12-20 22:20:11 [INFO]: connect to hr
2024-12-20 22:20:44 [INFO]: connect to hr
2024-12-20 22:25:29 [INFO]: connect to hr
2024-12-20 22:27:38 [INFO]: connect to hr
2024-12-20 22:28:30 [INFO]: connect to hr
2024-12-20 22:28:37 [INFO]: connect to hr
2024-12-20 22:30:39 [INFO]: connect to hr
2024-12-20 22:31:28 [ERROR]: try to connect to not existing database hekal
2024-12-20 22:31:30 [INFO]: connect to hr
2024-12-20 22:37:40 [INFO]: connect to hr
2024-12-20 22:39:37 [INFO]: connect to hr
2024-12-20 22:40:09 [INFO]: connect to hr
2024-12-20 22:40:39 [INFO]: connect to hr
2024-12-20 22:42:53 [INFO]: connect to hr
2024-12-20 22:44:44 [INFO]: connect to hr
2024-12-20 22:45:05 [INFO]: connect to hr
2024-12-20 22:53:21 [INFO]: connect to hr
2024-12-20 22:54:34 [INFO]: connect to hr
2024-12-20 22:55:52 [INFO]: connect to hr
2024-12-20 22:58:18 [INFO]: connect to hr
2024-12-20 22:58:47 [INFO]: connect to hr
2024-12-20 22:59:15 [ERROR]: try to connect to not existing database hekal
2024-12-20 22:59:16 [ERROR]: Tried to enter an invalid name [  ] for database 
2024-12-20 22:59:18 [INFO]: connect to hr
2024-12-20 23:03:04 [INFO]: connect to hr
2024-12-20 23:03:30 [INFO]: connect to hr
2024-12-20 23:05:06 [INFO]: connect to hr
2024-12-20 23:05:47 [INFO]: connect to hr
2024-12-20 23:06:52 [INFO]: connect to hr
2024-12-20 23:08:01 [INFO]: connect to hr
2024-12-20 23:10:00 [INFO]: connect to hr
2024-12-20 23:12:00 [INFO]: connect to hr
2024-12-20 23:13:53 [INFO]: connect to hr
2024-12-20 23:14:26 [INFO]: connect to hr
2024-12-20 23:15:03 [INFO]: connect to hr
2024-12-20 23:18:05 [INFO]: connect to hr
2025-01-04 07:32:08 [INFO]: lists the exist databases 
2025-01-04 07:32:11 [INFO]: connect to hr
2025-01-04 11:20:17 [ERROR]: try to connect to not existing database emp
2025-01-04 11:20:18 [INFO]: connect to hr
2025-01-04 11:20:25 [INFO]: connect to hr
2025-01-04 11:21:40 [INFO]: connect to hr
2025-01-04 11:22:12 [INFO]: connect to hr
2025-01-04 11:23:01 [INFO]: connect to hr
2025-01-04 11:32:44 [INFO]: connect to hr
2025-01-04 11:33:22 [INFO]: connect to hr
2025-01-04 11:34:04 [INFO]: connect to hr
2025-01-04 11:36:39 [INFO]: connect to hr
2025-01-04 11:37:15 [INFO]: connect to hr
2025-01-04 11:39:05 [INFO]: connect to hr
2025-01-04 11:39:43 [INFO]: connect to hr
2025-01-04 11:40:04 [INFO]: connect to hr
2025-01-04 11:42:49 [INFO]: connect to hr
2025-01-04 11:43:22 [INFO]: connect to hr
2025-01-04 11:52:02 [INFO]: connect to hr
2025-01-04 11:52:48 [INFO]: connect to hr
2025-01-04 11:53:10 [INFO]: connect to hr
2025-01-04 11:56:53 [INFO]: connect to hr
2025-01-04 11:57:55 [INFO]: connect to hr
2025-01-04 11:59:10 [INFO]: connect to hr
2025-01-04 12:00:02 [INFO]: connect to hr
2025-01-04 12:03:09 [INFO]: connect to hr
2025-01-04 12:04:09 [INFO]: connect to hr
2025-01-04 12:04:30 [INFO]: connect to hr
2025-01-04 12:05:34 [INFO]: connect to hr
2025-01-04 12:06:47 [INFO]: connect to hr
