2024-12-12 21:15:22 [INFO]: lists the exist databases 
2024-12-12 21:15:30 [INFO]: connect to hekal
2024-12-12 21:23:29 [INFO]: connect to hekal
2024-12-12 21:23:53 [INFO]: connect to hekal
2024-12-12 21:24:09 [INFO]: connect to hekal
2024-12-12 21:24:48 [INFO]: connect to hekal
2024-12-12 21:25:02 [INFO]: connect to hekal
2024-12-12 21:25:11 [INFO]: connect to hekal
2024-12-12 21:25:39 [INFO]: connect to hekal
2024-12-12 21:28:09 [INFO]: connect to hekal
2024-12-12 21:28:34 [INFO]: connect to hekal
2024-12-12 21:30:38 [INFO]: connect to hekal
2024-12-12 21:34:58 [INFO]: connect to hekal
2024-12-12 21:35:22 [INFO]: connect to hekal
2024-12-12 21:48:53 [INFO]: connect to hekal
2024-12-12 21:49:51 [INFO]: connect to hekal
2024-12-12 21:51:05 [INFO]: connect to hekal
2024-12-12 21:52:20 [INFO]: connect to hekal
2024-12-12 21:53:06 [INFO]: connect to hekal
2024-12-12 21:53:59 [INFO]: connect to hekal
2024-12-12 21:55:07 [INFO]: connect to hekal
2024-12-12 21:57:32 [INFO]: connect to hekal
2024-12-12 21:57:54 [INFO]: connect to hekal
2024-12-12 21:58:41 [INFO]: connect to hekal
2024-12-12 21:59:34 [INFO]: connect to hekal
2024-12-12 22:00:32 [INFO]: connect to hekal
2024-12-12 22:00:59 [INFO]: connect to hekal
2024-12-12 22:01:29 [INFO]: connect to hekal
2024-12-12 22:01:39 [INFO]: connect to hekal
2024-12-12 22:02:41 [INFO]: connect to hekal
2024-12-12 22:03:19 [INFO]: connect to hekal
2024-12-12 22:03:42 [INFO]: connect to hekal
2024-12-12 22:04:53 [INFO]: connect to hekal
2024-12-12 22:07:20 [INFO]: connect to hekal
2024-12-12 22:08:24 [INFO]: connect to hekal
2024-12-12 22:08:50 [INFO]: connect to hekal
2024-12-12 22:09:21 [INFO]: connect to hekal
2024-12-12 22:09:39 [INFO]: connect to hekal
2024-12-12 22:09:58 [INFO]: connect to hekal
2024-12-12 22:10:09 [INFO]: connect to hekal
2024-12-12 22:10:56 [INFO]: connect to hekal
2024-12-12 22:11:05 [INFO]: connect to hekal
2024-12-12 22:12:40 [INFO]: connect to hekal
2024-12-12 22:13:07 [INFO]: connect to hekal
2024-12-12 22:14:03 [INFO]: connect to hekal
2024-12-12 22:14:50 [INFO]: connect to hekal
2024-12-12 22:15:25 [INFO]: connect to hekal
2024-12-12 22:16:04 [INFO]: connect to hekal
2024-12-12 22:16:21 [INFO]: connect to hekal
2024-12-12 22:16:37 [INFO]: connect to hekal
2024-12-12 22:17:05 [INFO]: connect to hekal
2024-12-12 22:17:20 [INFO]: connect to hekal
2024-12-12 22:18:04 [INFO]: connect to hekal
2024-12-12 22:18:37 [INFO]: connect to hekal
2024-12-12 22:19:37 [INFO]: connect to hekal
2024-12-12 22:20:29 [INFO]: connect to hekal
2024-12-12 22:23:29 [INFO]: connect to hekal
2024-12-12 22:24:04 [INFO]: connect to hekal
2024-12-12 22:24:28 [INFO]: connect to hekal
2024-12-12 22:24:59 [INFO]: connect to hekal
2024-12-18 18:24:41 [INFO]: connect to hekal
2024-12-18 18:25:13 [INFO]: connect to hekal
2024-12-18 18:59:48 [INFO]: connect to hekal
2024-12-18 19:00:04 [INFO]: connect to hekal
2024-12-18 19:00:27 [INFO]: connect to HEKAL
2024-12-18 19:01:32 [INFO]: connect to hekal
2024-12-18 19:02:00 [INFO]: connect to hekal
2024-12-18 19:03:10 [INFO]: connect to hekal
2024-12-18 19:03:31 [INFO]: connect to hekal
2024-12-18 19:04:31 [INFO]: connect to hekal
2024-12-18 19:06:03 [INFO]: connect to hekal
2024-12-18 19:08:08 [INFO]: connect to hekal
2024-12-18 19:08:47 [INFO]: connect to hekal
2024-12-18 19:10:11 [INFO]: connect to hekal
2024-12-18 19:10:16 [INFO]: connect to hekal
2024-12-18 19:10:34 [INFO]: connect to hekal
2024-12-18 19:10:56 [INFO]: connect to hekal
2024-12-18 19:11:21 [INFO]: connect to hekal
2024-12-18 19:11:33 [INFO]: connect to hekal
2024-12-18 19:12:02 [INFO]: connect to hekal
2024-12-18 19:12:42 [INFO]: connect to hekal
2024-12-18 19:22:54 [INFO]: connect to hekal
2024-12-18 19:23:38 [INFO]: connect to hekal
2024-12-18 19:24:10 [INFO]: connect to hekal
2024-12-18 19:24:26 [INFO]: connect to hekal
2024-12-18 19:24:57 [INFO]: connect to hekal
2024-12-18 19:25:33 [INFO]: connect to hekal
2024-12-18 19:26:23 [INFO]: connect to hekal
2024-12-18 19:27:52 [INFO]: connect to hekal
2024-12-18 19:30:29 [INFO]: connect to hekal
2024-12-18 19:30:46 [INFO]: connect to hekal
2024-12-18 19:31:44 [INFO]: connect to hekal
2024-12-18 19:32:17 [INFO]: connect to hekal
2024-12-18 19:38:15 [INFO]: connect to HEKAL
2024-12-18 19:38:36 [ERROR]: Tried to create an existing database with name hekal
2024-12-18 19:38:36 [ERROR]: Tried to enter an invalid name [ 1 ] for database 
2024-12-18 19:38:44 [INFO]: connect to hekal
2024-12-18 19:39:29 [INFO]: lists the exist databases 
2024-12-18 19:39:34 [INFO]: connect to hekal
2024-12-18 19:39:46 [INFO]: connect to hekal
2024-12-18 19:39:59 [INFO]: connect to hekal
2024-12-18 19:43:11 [INFO]: connect to hekal
2024-12-18 19:43:59 [INFO]: connect to hekal
2024-12-18 19:44:13 [INFO]: connect to hekal
2024-12-18 19:44:34 [INFO]: connect to hekal
2024-12-18 19:47:37 [INFO]: connect to hekal
2024-12-18 19:50:30 [INFO]: connect to hekal
2024-12-18 19:51:02 [INFO]: connect to hekal
2024-12-18 19:52:29 [INFO]: connect to hekal
2024-12-18 19:57:03 [INFO]: connect to hekal
2024-12-18 20:00:09 [INFO]: connect to hekal
2024-12-18 20:09:21 [INFO]: connect to hekal
2024-12-18 20:09:58 [INFO]: connect to hekal
2024-12-18 20:10:57 [INFO]: connect to hekal
2024-12-18 20:12:28 [INFO]: connect to hekal
2024-12-18 20:14:23 [INFO]: connect to hekal
2024-12-18 20:17:55 [INFO]: connect to hekal
2024-12-18 20:19:09 [INFO]: connect to hekal
2024-12-18 20:24:18 [INFO]: connect to hekal
2024-12-18 20:26:17 [INFO]: connect to hekal
2024-12-18 20:27:18 [INFO]: connect to hekal
2024-12-18 20:28:07 [INFO]: Database hr Created
2024-12-18 20:28:11 [INFO]: connect to hr
