2024-12-04 00:46:10 [INFO]: Database mohamed Created
2024-12-04 00:46:50 [INFO]: lists the databases exist
2024-12-04 00:46:54 [ERROR]: Tried to create an existing database with name mohamed
2024-12-04 00:47:00 [INFO]: Database ahmed Created
2024-12-04 00:47:06 [ERROR]: Tried to create an existing database with name ahmed
2024-12-04 00:47:08 [INFO]: Database ahmed1 Created
2024-12-04 00:47:10 [INFO]: lists the databases exist
2024-12-04 21:34:27 [INFO]: lists the exist databases 
2024-12-04 21:34:50 [INFO]: connect to ahmed
2024-12-04 21:35:28 [INFO]: connect to ahmed
2024-12-04 21:36:36 [INFO]: connect to ahmed
2024-12-04 21:36:50 [INFO]: connect to ahmed
2024-12-04 21:38:00 [INFO]: connect to ahmed
2024-12-04 21:40:45 [INFO]: connect to mohamed
2024-12-04 21:41:40 [INFO]: connect to ahmed
2024-12-04 21:42:14 [INFO]: connect to ahmed
2024-12-04 21:43:21 [INFO]: connect to ahmed
2024-12-04 21:44:01 [INFO]: connect to ahmed
2024-12-04 21:45:11 [INFO]: connect to ahmed1
2024-12-04 21:47:13 [INFO]: lists the exist databases 
2024-12-04 21:47:17 [INFO]: connect to ahmed
2024-12-04 21:48:28 [INFO]: lists the exist databases 
2024-12-04 21:48:34 [INFO]: connect to ahmed
2024-12-04 21:48:48 [INFO]: connect to ahmed
2024-12-04 21:50:02 [INFO]: connect to ahmed
2024-12-04 21:50:30 [INFO]: connect to ahmed
2024-12-04 21:50:34 [INFO]: connect to ahmed
2024-12-04 21:50:39 [INFO]: connect to ahmed1
2024-12-04 21:50:43 [INFO]: connect to mohamed
2024-12-04 21:51:11 [INFO]: connect to ahmed
2024-12-04 21:51:26 [INFO]: connect to ahmed
2024-12-04 21:51:43 [INFO]: Database hekal Created
2024-12-04 21:51:45 [INFO]: lists the exist databases 
2024-12-04 21:51:49 [INFO]: connect to hekal
2024-12-04 21:52:51 [ERROR]: try to connect to not existing database ewer
2024-12-04 21:53:05 [ERROR]: try to connect to not existing database sdfwrewer
2024-12-04 21:53:08 [ERROR]: try to connect to not existing database 24234234
2024-12-04 21:54:25 [ERROR]: try to connect to not existing database [A
2024-12-04 21:54:30 [ERROR]: Tried to enter an invalid name [ 234234 ] for database 
2024-12-04 21:54:43 [ERROR]: try to connect to not existing database ewrwer
2024-12-04 21:54:45 [ERROR]: Tried to enter an invalid name [ 243234 ] for database 
2024-12-04 21:54:49 [ERROR]: try to connect to not existing database rrr
2024-12-04 21:54:52 [ERROR]: try to connect to not existing database RRR
2024-12-04 21:54:54 [ERROR]: try to connect to not existing database wer234
2024-12-04 21:55:00 [ERROR]: try to connect to not existing database E
2024-12-04 21:55:02 [ERROR]: try to connect to not existing database hekal
2024-12-04 21:55:08 [ERROR]: try to connect to not existing database hekal
2024-12-04 21:55:24 [ERROR]: try to connect to not existing database werwer
2024-12-04 21:55:26 [ERROR]: Tried to enter an invalid name [ 234234 ] for database 
2024-12-04 21:55:28 [ERROR]: Tried to enter an invalid name [ ewer$$ ] for database 
2024-12-04 21:55:30 [INFO]: connect to hekal
2024-12-04 21:55:43 [INFO]: lists the exist databases 
2024-12-04 21:55:54 [ERROR]: Tried to enter an invalid name [ 234 ] for database 
2024-12-04 21:55:55 [ERROR]: try to connect to not existing database sf
2024-12-04 21:55:56 [ERROR]: try to connect to not existing database vv
2024-12-04 21:55:58 [ERROR]: Tried to enter an invalid name [ "" ] for database 
2024-12-04 21:56:01 [ERROR]: Tried to enter an invalid name [ ' ' ] for database 
2024-12-04 21:56:02 [ERROR]: try to connect to not existing database d
2024-12-04 21:56:05 [INFO]: connect to mohamed
